Loading BOLIO Initialization File PS:<L.MAN>MANUAL2.BOLIO
; --> PS:<L.MAN>MANUAL2.XGP  (in :DOVERable format!)
Processing file PS:<L.MAN>MANUAL2.TEXT.8
 Processing file PS:<L.MAN>FLAVOR.TEXT.134
 21.  "Objects, Message Passing, and Flavors"
   21.1  "Objects"
   21.2  "Modularity"
   21.3  "Generic Operations"
   21.4  "Generic Operations in Lisp"
   21.5  "Simple Use of Flavors"
   21.6  "Mixing Flavors"
   21.7  "Flavor Functions"
   21.8  "Defflavor Options"
   21.9  "Flavor Families"
   21.10  "Vanilla Flavor"
   21.11  "Method Combination"
   21.12  "Implementation of Flavors"
     21.12.1  "Order of Definition"
     21.12.2  "Changing a Flavor"
   21.13  "Useful Editor Commands"
   21.14  "Property List Operations"
   21.15  "Printing Flavor Instances Readably"
   21.16  "Copying Instances"
 Processing file PS:<L.MAN>IOS.TEXT.247
 22.  "The I/O System"
   22.1  "Input Functions"
     22.1.1  "String Input Functions"
     22.1.2  "Character-Level Input Functions"
     22.1.3  "Maclisp Compatibility Input Functions"
     22.1.4  "Interactive Input with Prompting"
   22.2  "Output Functions"
  Processing file PS:<L.MAN>STREAM.TEXT.37
   22.3  "I/O Streams"
     22.3.1  "Standard Streams"
     22.3.2  "Standard Input Stream Operations"
     22.3.3  "Standard Output Stream Operations"
     22.3.4  "Asking Streams What They Can Do"
     22.3.5  "Operations for Interactive Streams"
     22.3.6  "Cursor Positioning Stream Operations"
     22.3.7  "Operations for Efficient Pretty-Printing"
     22.3.8  "Random Access File Operations"
     22.3.9  "Buffered Stream Operations"
     22.3.10  "Obtaining Streams to Use"
     22.3.11  "String I/O Streams"
     22.3.12  "Implementing Streams"
     22.3.13  "Implementing Streams with Flavors"
     22.3.14  "Implementing Streams Without Flavors"
  Processing file PS:<L.MAN>FD-FIO.TEXT.24
   22.4  "Formatted Output"
     22.4.1  "The Format Function"
     22.4.2  "The Output Subsystem"
   22.5  "Rubout Handling"
 Processing file PS:<L.MAN>RDPRT.TEXT.29
 23.  "Expression Input and Output"
   23.1  "What the Printer Produces"
   23.2  "Options that Control Printing"
   23.3  "What The Reader Accepts"
     23.3.1  "Sharp-sign Constructs"
   23.4  "Expression Output Functions"
     23.4.1  "Pretty-Printing Output Functions"
     23.4.2  "Non-Stream Printing Functions"
   23.5  "Expression Input Functions"
     23.5.1  "Non-Stream Parsing Functions"
     23.5.2  "Input Error Conditions"
   23.6  "The Readtable"
   23.7  "Read-Macro Characters"
   23.8  "The :read and :print Stream Operations"
 Processing file PS:<L.MAN>PATHNM.TEXT.99
 24.  "Naming of Files"
   24.1  "Pathnames"
   24.2  "Pathname Components"
     24.2.1  "Raw Components and Interchange Components"
     24.2.2  "Pathname Component Operations"
     24.2.3  "Canonical Types"
   24.3  "Defaults and Merging"
   24.4  "Pathname Functions"
   24.5  "Generic Pathnames"
   24.6  "Pathname Operations"
   24.7  "Host File Systems Supported"
     24.7.1  "ITS"
     24.7.2  "TOPS-20 (Twenex), Tenex, and VMS."
     24.7.3  "Unix and Multics Pathnames"
     24.7.4  "Lisp Machine File Systems"
     24.7.5  "Logical Pathnames"
     24.7.6  "Editor Buffer Pathnames"
   24.8  "Hosts"
     24.8.1  "Parsing Hostnames"
     24.8.2  "Host Object Operations"
 Processing file PS:<L.MAN>FILES.TEXT.24
 25.  "Accessing Files"
   25.1  "Opening and Closing File Streams"
   25.2  "File Stream Operations"
   25.3  "Manipulating Files"
     25.3.1  "Loading Files"
   25.4  "Pathname Operations That Access Files"
   25.5  "File Attribute Lists"
   25.6  "Accessing Directories"
   25.7  "Errors in Accessing Files"
   25.8  "File Servers"
     25.8.1  "Errors in Communication with File Servers"
 Processing file PS:<L.MAN>CHAOS.TEXT.25
 26.  "The Chaosnet"
   26.1  "Chaosnet Overview"
   26.2  "Conns"
   26.3  "Opening and Closing Connections"
     26.3.1  "User-Side"
     26.3.2  "Server-Side"
   26.4  "Stream Input and Output"
   26.5  "Packet Input and Output"
   26.6  "Connection Interrupts"
   26.7  "Chaosnet Errors"
     26.7.1  "Local Problems"
     26.7.2  "Problems Involving Other Machines' Actions"
   26.8  "Information and Control"
   26.9  "Higher-Level Protocols"
     26.9.1  "Status"
     26.9.2  "Routing Information"
     26.9.3  "Telnet and Supdup"
     26.9.4  "File Access"
     26.9.5  "Mail"
     26.9.6  "Send"
     26.9.7  "Name"
     26.9.8  "Time"
     26.9.9  "Uptime"
     26.9.10  "Arpanet Gateway"
     26.9.11  "Host Table"
     26.9.12  "Dover"
     26.9.13  "Remote Disk"
     26.9.14  "The Eval Server"
   26.10  "Using Higher Level Protocols"
 Processing file PS:<L.MAN>PACKD.TEXT.106
 27.  "Packages"
   27.1  "The Current Package"
   27.2  "Package Prefixes"
   27.3  "Home Packages of Symbols"
   27.4  "Keywords"
   27.5  "Inheritance between Name Spaces"
   27.6  "Packages and Interning"
   27.7  "Shadowing and Name Conflicts"
   27.8  "Styles of Using Packages"
   27.9  "Package Naming"
     27.9.1  "Local Nicknames for Packages"
   27.10  "Defining Packages"
   27.11  "Operating on All the Symbols in a Package"
   27.12  "Packages as Lisp Objects"
   27.13  "Common Lisp and Packages"
   27.14  "Initialization of the Package System"
   27.15  "Initial Packages"
 Processing file PS:<L.MAN>MAKSYS.TEXT.38
 28.  "Maintaining Large Systems"
   28.1  "Defining a System"
>>ERROR: Line too long: 43132 , max is  42564
  Decimal file position=3330 in PS:<L.MAN>MAKSYS.TEXT.38

>>ERROR: Line too long: 46713 , max is  46345
  Decimal file position=3330 in PS:<L.MAN>MAKSYS.TEXT.38
   28.2  "Transformations"
   28.3  "Making a System"
   28.4  "Adding New Keywords to make-system"
   28.5  "Adding New Options for defsystem"
   28.6  "More Esoteric Transformations"
   28.7  "Common Lisp Modules"
 Processing file PS:<L.MAN>PATCH.TEXT.54
   28.8  "The Patch Facility"
     28.8.1  "Defining a System"
     28.8.2  "Loading Patches"
     28.8.3  "Making Patches"
     28.8.4  "Private Patches"
     28.8.5  "System Status"
     28.8.6  "Patch Files"
 Processing file PS:<L.MAN>PROCES.TEXT.55
 29.  "Processes"
   29.1  "The Scheduler"
   29.2  "Locks"
     29.2.1  "Process Queues"
   29.3  "Creating a Process"
   29.4  "Process Generic Operations"
     29.4.1  "Process Attributes"
     29.4.2  "Run and Arrest Reasons"
     29.4.3  "Bashing the Process"
   29.5  "Process Flavors"
   29.6  "Other Process Functions"
 Processing file PS:<L.MAN>ERRORS.TEXT.102
 30.  "Errors and Debugging"
   30.1  "Conditions"
   30.2  "Handling Conditions"
   30.3  "Standard Condition Flavors"
   30.4  "Condition Operations"
     30.4.1  "Condition Operations for the Debugger"
   30.5  "Signaling Conditions"
     30.5.1  "Convenience Functions for Signaling"
     30.5.2  "Creating Condition Instances"
     30.5.3  "Signaling a Condition Instance"
   30.6  "Proceeding"
     30.6.1  "Proceeding and the Debugger"
     30.6.2  "How Signalers Provide Proceed Types"
     30.6.3  "Nonlocal Proceed Types"
  Processing file PS:<L.MAN>DEBUG.TEXT.21
   30.7  "The Debugger"
     30.7.1  "Entering the Debugger"
     30.7.2  "How to Use the Debugger"
     30.7.3  "Debugger Commands"
     30.7.4  "Summary of Commands"
     30.7.5  "Deexposed Windows and Background Processes"
     30.7.6  "Debugging after a Warm Boot"
  Processing file PS:<L.MAN>DB-AID.TEXT.14
   30.8  "Tracing Function Execution"
   30.9  "Breakon"
   30.10  "Advising a Function"
     30.10.1  "Designing the Advice"
     30.10.2  ":around Advice"
     30.10.3  "Advising One Function Within Another"
   30.11  "Stepping Through an Evaluation"
   30.12  "Evalhook"
   30.13  "The MAR"
 Processing file PS:<L.MAN>CODE.TEXT.36
 31.  "How to Read Assembly Language"
   31.1  "Introduction"
   31.2  "A More Advanced Example"
   31.3  "The Rest of the Instructions"
   31.4  "Function Entry"
   31.5  "Special Class IV Instructions"
 Processing file PS:<L.MAN>QUERY.TEXT.22
 32.  "Querying the User"
 Processing file PS:<L.MAN>INIT.TEXT.17
 33.  "Initializations"
   33.1  "System Initialization Lists"
   33.2  "Programming Initializations"
 Processing file PS:<L.MAN>TIME.TEXT.40
 34.  "Dates and Times"
   34.1  "Getting and Setting the Time"
     34.1.1  "Elapsed Time in 60ths of a Second"
     34.1.2  "Elapsed Time in Microseconds"
   34.2  "Printing Dates and Times"
   34.3  "Reading Dates and Times"
   34.4  "Reading and Printing Time Intervals"
   34.5  "Time Conversions"
   34.6  "Internal Functions"
 Processing file PS:<L.MAN>FD-HAC.TEXT.47
 35.  "Miscellaneous Useful Functions"
   35.1  "Documentation"
   35.2  "Hardcopy"
   35.3  "Metering"
   35.4  "Poking Around in the Lisp World"
   35.5  "Utility Programs"
   35.6  "The Lisp Listen Loop"
   35.7  "The Garbage Collector"
>>ERROR: Line too long: 46364 , max is  46345
  Decimal file position=41931 in PS:<L.MAN>FD-HAC.TEXT.47

>>ERROR: Line too long: 46364 , max is  46345
  Decimal file position=42337 in PS:<L.MAN>FD-HAC.TEXT.47

>>ERROR: Line too long: 46713 , max is  46345
  Decimal file position=43476 in PS:<L.MAN>FD-HAC.TEXT.47

>>ERROR: Line too long: 43132 , max is  42564
  Decimal file position=43476 in PS:<L.MAN>FD-HAC.TEXT.47

>>ERROR: Line too long: 42603 , max is  42564
  Decimal file position=43611 in PS:<L.MAN>FD-HAC.TEXT.47
   35.8  "Logging In"
>>ERROR: Line too long: 43106 , max is  42564
  Decimal file position=49218 in PS:<L.MAN>FD-HAC.TEXT.47
   35.9  "Dribble Files"
   35.10  "Version Information"
>>ERROR: Line too long: 47545 , max is  46345
  Decimal file position=52249 in PS:<L.MAN>FD-HAC.TEXT.47
   35.11  "Booting and Disk Partitions"
     35.11.1  "Manipulating the Label"
     35.11.2  "Updating Software"
     35.11.3  "Saving Personal Software"
     35.11.4  "Copying Bands"
   35.12  "Site Options and Host Table"
     35.12.1  "Updating Site Information"
     35.12.2  "Accessing Site Options"
     35.12.3  "The LMLOCS File"
; Runtime = 5 minutes 18.879 seconds (plus 33.200 gctime)
; 2719 swap-in requests; thrash coefficient = 7.723
